<?xml version="1.0" encoding="UTF-8"?>
<!-- Generated by org.testng.reporters.JUnitXMLReporter -->
<testsuite hostname="SYNHNJL-1616" name="WheatherForeCastTest" tests="11" failures="2" timestamp="10 May 2019 15:15:14 GMT" time="12.907" errors="0">
  <testcase name="convertObjectIntoJsonString_JACKSON" time="1.585" classname="TestAPIRequestExecution.TestCurrentWeatherData">
    <skipped/>
  </testcase> <!-- convertObjectIntoJsonString_JACKSON -->
  <testcase name="convertObjectIntoJsonString_JACKSON" time="0.004" classname="TestAPIRequestExecution.TestCurrentWeatherData">
    <failure type="java.lang.AssertionError" message="Failed!! Invalid Json String... expected [true] but found [false]">
      <![CDATA[java.lang.AssertionError: Failed!! Invalid Json String... expected [true] but found [false]
	at TestAPIRequestExecution.TestCurrentWeatherData.convertObjectIntoJsonString_JACKSON(TestCurrentWeatherData.java:145)
... Removed 26 stack frames]]>
    </failure>
  </testcase> <!-- convertObjectIntoJsonString_JACKSON -->
  <testcase name="getCurrentWeatherDataCityId" time="5.262" classname="TestAPIRequestExecution.TestCurrentWeatherData"/>
  <testcase name="getCurrentWeatherDataCityName" time="1.083" classname="TestAPIRequestExecution.TestCurrentWeatherData"/>
  <testcase name="getCurrentWeatherDataCityNameWIthGiven" time="1.135" classname="TestAPIRequestExecution.TestCurrentWeatherData"/>
  <testcase name="getCurrentWeatherDataCityNameWIthRequestBuilder" time="1.041" classname="TestAPIRequestExecution.TestCurrentWeatherData"/>
  <testcase name="getFailedTestResult" time="0.846" classname="TestAPIRequestExecution.TestCurrentWeatherData">
    <skipped/>
  </testcase> <!-- getFailedTestResult -->
  <testcase name="getFailedTestResult" time="0.896" classname="TestAPIRequestExecution.TestCurrentWeatherData">
    <failure type="java.lang.AssertionError" message="Failed!!! City Pune Wheather details not found.. expected [true] but found [false]">
      <![CDATA[java.lang.AssertionError: Failed!!! City Pune Wheather details not found.. expected [true] but found [false]
	at TestAPIRequestExecution.TestCurrentWeatherData.getFailedTestResult(TestCurrentWeatherData.java:75)
... Removed 26 stack frames]]>
    </failure>
  </testcase> <!-- getFailedTestResult -->
  <testcase name="readWriteJsonUsingGSON" time="0.163" classname="TestAPIRequestExecution.TestCurrentWeatherData"/>
  <testcase name="readWriteJsonUsingJACKSON" time="0.027" classname="TestAPIRequestExecution.TestCurrentWeatherData"/>
  <testcase name="getHourlyCityForeCast" time="0.79" classname="TestAPIRequestExecution.TestHourlyForeCast"/>
</testsuite> <!-- WheatherForeCastTest -->
