<?xml version="1.0" encoding="UTF-8"?>
<testng-results skipped="0" failed="0" total="0" passed="0">
  <reporter-output>
  </reporter-output>
  <suite name="com.cucumber.newtours.runner.TestFilghtRunner" duration-ms="10" started-at="2019-06-21T14:15:25Z" finished-at="2019-06-21T14:15:25Z">
    <groups>
    </groups>
    <test name="Command line test" duration-ms="10" started-at="2019-06-21T14:15:25Z" finished-at="2019-06-21T14:15:25Z">
    </test> <!-- Command line test -->
  </suite> <!-- com.cucumber.newtours.runner.TestFilghtRunner -->
</testng-results>
